<?xml version="1.0" encoding="UTF-8"?>
<testsuite xmlns:xsi="http://www.w3.org/2001/XMLSchema-instance" xsi:noNamespaceSchemaLocation="https://maven.apache.org/surefire/maven-surefire-plugin/xsd/surefire-test-report-3.0.xsd" version="3.0" name="TestSuite" time="3.815" tests="9" errors="0" skipped="0" failures="0">
  <properties>
[...]
</properties>
  <testcase name="loginWithVariousData[{email=shiva@jk.com, password=pass1234}, 400](1)" classname="tests.AuthData" time="1.909">
    <system-out><![CDATA[Status Code: 400
Response for payload: {email=shiva@jk.com, password=pass1234} -> {"detail":"Incorrect email or password"}
]]></system-out>
    <system-err><![CDATA[SLF4J: Failed to load class "org.slf4j.impl.StaticLoggerBinder".
SLF4J: Defaulting to no-operation (NOP) logger implementation
SLF4J: See http://www.slf4j.org/codes.html#StaticLoggerBinder for further details.
]]></system-err>
  </testcase>
  <testcase name="loginWithVariousData[{email=shiva@jk.com}, 500](2)" classname="tests.AuthData" time="0.029">
    <system-out><![CDATA[Status Code: 500
Response for payload: {email=shiva@jk.com} -> Internal Server Error
Skipping Content-Type validation for status code: 500
]]></system-out>
    <system-err><![CDATA[Internal Server Error:
Internal Server Error
]]></system-err>
  </testcase>
  <testcase name="loginWithVariousData[{email=shiva@jk.com, password=pass123}, 200](3)" classname="tests.AuthData" time="0.24">
    <system-out><![CDATA[Status Code: 200
Response for payload: {email=shiva@jk.com, password=pass123} -> {"access_token":"eyJhbGciOiJIUzI1NiIsInR5cCI6IkpXVCJ9.eyJzdWIiOiJzaGl2YUBqay5jb20iLCJleHAiOjE3NTMwNzMwNjR9.TEbWL3wyOm7BldJHpoA71jss2nwaopDUKwx5XqcTWa8","token_type":"bearer"}
]]></system-out>
  </testcase>
  <testcase name="createBookWithValidRandomData" classname="tests.CreateBook" time="0.197"/>
  <testcase name="createBookWithMissingName" classname="tests.CreateBookMissingName" time="0.02"/>
  <testcase name="createBookWithPreviousYear" classname="tests.CreateBookPreviousYear" time="0.039"/>
  <testcase name="updateBookFromJson" classname="tests.UpdateBookTest" time="0.058"/>
  <testcase name="testFullBookFlow" classname="tests.ValidateCreateUpdateGetDeleteBook" time="0.15"/>
  <testcase name="testDeleteBookAndVerifyNotFound" classname="tests.DeleteBookTest" time="0.071"/>
</testsuite>