<?xml version="1.0" encoding="UTF-8"?>
<!-- Generated by org.testng.reporters.JUnitXMLReporter -->
<testsuite ignored="0" hostname="Black-Ops" failures="0" tests="9" name="Bookstore Tests" time="3.192" errors="0" timestamp="2025-07-21T09:44:25 IST">
  <testcase classname="tests.AuthData" name="loginWithVariousData" time="1.859"/>
  <testcase classname="tests.AuthData" name="loginWithVariousData" time="0.023"/>
  <testcase classname="tests.AuthData" name="loginWithVariousData" time="0.244"/>
  <testcase classname="tests.CreateBook" name="createBookWithValidRandomData" time="0.195"/>
  <testcase classname="tests.CreateBookMissingName" name="createBookWithMissingName" time="0.02"/>
  <testcase classname="tests.CreateBookPreviousYear" name="createBookWithPreviousYear" time="0.039"/>
  <testcase classname="tests.UpdateBookTest" name="updateBookFromJson" time="0.056"/>
  <testcase classname="tests.ValidateCreateUpdateGetDeleteBook" name="testFullBookFlow" time="0.148"/>
  <testcase classname="tests.DeleteBookTest" name="testDeleteBookAndVerifyNotFound" time="0.071"/>
</testsuite> <!-- Bookstore Tests -->
